2009-09-10 00:17:08,967 INFO [1] Fetching 43 Folders
2009-09-10 00:17:10,554 DEBUG [1] Processing 43 Folders
2009-09-10 00:17:10,554 DEBUG [1] Fetching page from 43 Folders
2009-09-10 00:17:11,304 DEBUG [1] Processed 43 Folders in 0:00:02.336807 [unchanged] [new=0 updated=0 same=0 error=0]
2009-09-10 00:17:11,304 INFO [5] Fetching Ajaxian » Front Page
2009-09-10 00:17:11,873 DEBUG [5] Processing Ajaxian » Front Page
2009-09-10 00:17:11,873 DEBUG [5] Fetching page from Ajaxian » Front Page
2009-09-10 00:17:13,626 DEBUG [5] Processed Ajaxian » Front Page in 0:00:02.322339 [unchanged] [new=0 updated=0 same=0 error=0]
2009-09-10 00:17:13,627 INFO [22] Fetching Brokelyn
2009-09-10 00:17:14,365 DEBUG [22] Processing Brokelyn
2009-09-10 00:17:14,365 DEBUG [22] Fetching page from Brokelyn
2009-09-10 00:17:15,933 DEBUG [22] Processed Brokelyn in 0:00:02.306408 [unchanged] [new=0 updated=0 same=0 error=0]
2009-09-10 00:17:15,933 INFO [23] Fetching Brownstoner
2009-09-10 00:17:16,256 DEBUG [23] Processing Brownstoner
2009-09-10 00:17:16,257 DEBUG [23] Fetching page from Brownstoner
2009-09-10 00:17:17,267 DEBUG [23] Processed Brownstoner in 0:00:01.333885 [unchanged] [new=0 updated=0 same=0 error=0]
2009-09-10 00:17:17,267 INFO [24] Fetching c a s a C A R A ~ OLD HOUSES FOR FUN & PROFIT ~
2009-09-10 00:17:17,778 DEBUG [24] Processing c a s a C A R A ~ OLD HOUSES FOR FUN & PROFIT ~
2009-09-10 00:17:17,778 DEBUG [24] Fetching page from c a s a C A R A ~ OLD HOUSES FOR FUN & PROFIT ~
2009-09-10 00:17:18,832 DEBUG [24] Processed c a s a C A R A ~ OLD HOUSES FOR FUN & PROFIT ~ in 0:00:01.564477 [unchanged] [new=0 updated=0 same=0 error=0]
2009-09-10 00:17:18,832 INFO [6] Fetching Coding Horror
2009-09-10 00:17:19,175 DEBUG [6] Processing Coding Horror
2009-09-10 00:17:19,175 DEBUG [6] Fetching page from Coding Horror
2009-09-10 00:17:20,581 DEBUG [6] Processed Coding Horror in 0:00:01.749015 [unchanged] [new=0 updated=0 same=0 error=0]
2009-09-10 00:17:20,582 INFO [7] Fetching Daring Fireball
2009-09-10 00:17:21,518 DEBUG [7] Processing Daring Fireball
2009-09-10 00:17:22,225 DEBUG - Updated story in feed (Daring Fireball - John Nack on Snow Leopard’s New Default Gamma Setting): 589 / 287
2009-09-10 00:17:22,305 DEBUG - Updated story in feed (Daring Fireball - Commodore 64 Emulator for iPhone Approved by Apple): 1184 / 1086
2009-09-10 00:17:22,393 DEBUG - Updated story in feed (Daring Fireball - Spotify Mobile App Released for Both iPhone and Android): 456 / 382
2009-09-10 00:17:23,090 DEBUG - Updated story in feed (Daring Fireball - ★ More on the Snow Leopard/Old Version of Flash Brouhaha): 12297 / 11446
2009-09-10 00:17:25,323 DEBUG [7] Fetching page from Daring Fireball
2009-09-10 00:17:28,822 DEBUG [7] Processed Daring Fireball in 0:00:08.240055 [ok] [new=0 updated=4 same=43 error=0]
2009-09-10 00:17:28,822 INFO [8] Fetching David Cramer's Blog
2009-09-10 00:17:29,996 DEBUG [8] Processing David Cramer's Blog
2009-09-10 00:17:29,996 DEBUG [8] !BOZO! Feed is not well formed: http://www.davidcramer.net/feed
2009-09-10 00:17:30,149 DEBUG [8] Fetching page from David Cramer's Blog
2009-09-10 00:17:33,155 DEBUG [8] Processed David Cramer's Blog in 0:00:04.333052 [ok] [new=0 updated=0 same=10 error=0]
2009-09-10 00:17:33,155 INFO [9] Fetching Devthought
2009-09-10 00:17:35,606 DEBUG [9] Processing Devthought
2009-09-10 00:17:35,607 DEBUG [9] Fetching page from Devthought
2009-09-10 00:17:42,740 DEBUG [9] Processed Devthought in 0:00:09.584088 [unchanged] [new=0 updated=0 same=0 error=0]
2009-09-10 00:17:42,740 INFO [31] Fetching FAIL Blog: Pictures and Videos of Owned, Pwnd and Fail Moments
2009-09-10 00:17:44,611 DEBUG [31] Processing FAIL Blog: Pictures and Videos of Owned, Pwnd and Fail Moments
2009-09-10 00:17:44,612 DEBUG [31] Fetching page from FAIL Blog: Pictures and Videos of Owned, Pwnd and Fail Moments
2009-09-10 00:17:49,339 DEBUG [31] Processed FAIL Blog: Pictures and Videos of Owned, Pwnd and Fail Moments in 0:00:06.599186 [unchanged] [new=0 updated=0 same=0 error=0]
2009-09-10 00:17:49,339 INFO [34] Fetching FMyLife
2009-09-10 00:17:50,715 DEBUG [34] Processing FMyLife
2009-09-10 00:17:51,343 DEBUG [34] Fetching page from FMyLife
2009-09-10 00:17:53,192 DEBUG [34] Processed FMyLife in 0:00:03.852236 [ok] [new=0 updated=0 same=35 error=0]
2009-09-10 00:17:53,192 INFO [25] Fetching Gawker
2009-09-10 00:17:53,431 DEBUG [25] Processing Gawker
2009-09-10 00:17:53,431 DEBUG [25] Fetching page from Gawker
2009-09-10 00:17:55,975 DEBUG [25] Processed Gawker in 0:00:02.783495 [unchanged] [new=0 updated=0 same=0 error=0]
2009-09-10 00:17:55,976 INFO [26] Fetching Gothamist
2009-09-10 00:17:59,072 DEBUG [26] Processing Gothamist
2009-09-10 00:17:59,691 DEBUG - Updated story in feed (Gothamist - Extra, Extra): 4815 / 4740
2009-09-10 00:18:05,642 DEBUG [26] Fetching page from Gothamist
2009-09-10 00:18:10,536 DEBUG [26] Processed Gothamist in 0:00:14.560350 [ok] [new=1 updated=1 same=40 error=0] (SLOW FEED!)
2009-09-10 00:18:10,539 INFO [10] Fetching Hacker News
2009-09-10 00:18:20,147 DEBUG [10] Processing Hacker News
2009-09-10 00:18:25,698 DEBUG [10] Fetching page from Hacker News
2009-09-10 00:18:29,805 DEBUG [10] Processed Hacker News in 0:00:19.266363 [ok] [new=0 updated=0 same=30 error=0] (SLOW FEED!)
2009-09-10 00:18:29,805 INFO [11] Fetching James Padolsey
2009-09-10 00:18:31,087 DEBUG [11] Processing James Padolsey
2009-09-10 00:18:31,088 DEBUG [11] Fetching page from James Padolsey
2009-09-10 00:18:35,389 DEBUG [11] Processed James Padolsey in 0:00:05.583857 [unchanged] [new=0 updated=0 same=0 error=0]
2009-09-10 00:18:35,389 INFO [12] Fetching Joel on Software
2009-09-10 00:18:36,672 DEBUG [12] Processing Joel on Software
2009-09-10 00:18:36,673 DEBUG [12] Fetching page from Joel on Software
2009-09-10 00:18:41,243 DEBUG [12] Processed Joel on Software in 0:00:05.854002 [unchanged] [new=0 updated=0 same=0 error=0]
2009-09-10 00:18:41,244 INFO [13] Fetching John Resig
2009-09-10 00:18:41,754 DEBUG [13] Processing John Resig
2009-09-10 00:18:41,754 DEBUG [13] Fetching page from John Resig
2009-09-10 00:18:42,306 DEBUG [13] Processed John Resig in 0:00:01.062329 [unchanged] [new=0 updated=0 same=0 error=0]
2009-09-10 00:18:42,306 INFO [14] Fetching jQuery Blog
2009-09-10 00:18:43,179 DEBUG [14] Processing jQuery Blog
2009-09-10 00:18:43,179 DEBUG [14] Fetching page from jQuery Blog
2009-09-10 00:18:45,634 DEBUG [14] Processed jQuery Blog in 0:00:03.327852 [unchanged] [new=0 updated=0 same=0 error=0]
2009-09-10 00:18:45,635 INFO [35] Fetching kottke.org
2009-09-10 00:18:47,920 DEBUG [35] Processing kottke.org
2009-09-10 00:18:50,017 DEBUG [35] Fetching page from kottke.org
2009-09-10 00:18:54,735 DEBUG [35] Processed kottke.org in 0:00:09.099958 [ok] [new=0 updated=0 same=40 error=0]
2009-09-10 00:18:54,736 INFO [32] Fetching Loldogs, Dogs 'n' Puppy Dog Pictures - I Has A Hotdog!
2009-09-10 00:18:56,042 DEBUG [32] Processing Loldogs, Dogs 'n' Puppy Dog Pictures - I Has A Hotdog!
2009-09-10 00:18:56,042 DEBUG [32] Fetching page from Loldogs, Dogs 'n' Puppy Dog Pictures - I Has A Hotdog!
2009-09-10 00:19:03,543 DEBUG [32] Processed Loldogs, Dogs 'n' Puppy Dog Pictures - I Has A Hotdog! in 0:00:08.807271 [unchanged] [new=0 updated=0 same=0 error=0]
2009-09-10 00:19:03,543 INFO [15] Fetching MacRumors : Mac News and Rumors
2009-09-10 00:19:05,144 DEBUG [15] Processing MacRumors : Mac News and Rumors
2009-09-10 00:19:05,144 DEBUG [15] Fetching page from MacRumors : Mac News and Rumors
2009-09-10 00:19:08,125 DEBUG [15] Processed MacRumors : Mac News and Rumors in 0:00:04.581689 [unchanged] [new=0 updated=0 same=0 error=0]
2009-09-10 00:19:08,125 INFO [16] Fetching MacRumors Page 2
2009-09-10 00:19:09,252 DEBUG [16] Processing MacRumors Page 2
2009-09-10 00:19:09,252 DEBUG [16] Fetching page from MacRumors Page 2
2009-09-10 00:19:14,340 DEBUG [16] Processed MacRumors Page 2 in 0:00:06.215257 [unchanged] [new=0 updated=0 same=0 error=0]
2009-09-10 00:19:14,341 INFO [33] Fetching nerdboyfriend
2009-09-10 00:19:15,759 DEBUG [33] Processing nerdboyfriend
2009-09-10 00:19:15,759 DEBUG [33] Fetching page from nerdboyfriend
2009-09-10 00:19:19,606 DEBUG [33] Processed nerdboyfriend in 0:00:05.264956 [unchanged] [new=0 updated=0 same=0 error=0]
2009-09-10 00:19:19,606 INFO [39] Fetching Philip Greenspun's2009-09-10 00:26:20,992 SQL SELECT `auth_user`.`id`, `auth_user`.`username`, `auth_user`.`first_name`, `auth_user`.`last_name`, `auth_user`.`email`, `auth_user`.`password`, `auth_user`.`is_staff`, `auth_user`.`is_active`, `auth_user`.`is_superuser`, `auth_user`.`last_login`, `auth_user`.`date_joined` FROM `auth_user` WHERE `auth_user`.`username` = conesus 
2009-09-10 00:26:21,001 SQL SELECT `feeds`.`id`, `feeds`.`feed_address`, `feeds`.`feed_link`, `feeds`.`feed_title`, `feeds`.`feed_tagline`, `feeds`.`active`, `feeds`.`num_subscribers`, `feeds`.`last_update`, `feeds`.`min_to_decay`, `feeds`.`days_to_trim`, `feeds`.`creation`, `feeds`.`etag`, `feeds`.`last_modified`, `feeds`.`page_data` FROM `feeds` WHERE `feeds`.`id` = 18  ORDER BY `feeds`.`feed_title` ASC
2009-09-10 00:26:21,020 SQL SELECT `stories`.`id`, `stories`.`story_feed_id`, `stories`.`story_date`, `stories`.`story_title`, `stories`.`story_content`, `stories`.`story_original_content`, `stories`.`story_content_type`, `stories`.`story_author`, `stories`.`story_permalink`, `stories`.`story_guid`, `stories`.`story_past_trim_date` FROM `stories` WHERE `stories`.`story_feed_id` = 18  ORDER BY `stories`.`story_date` DESC LIMIT 50
2009-09-10 00:26:21,060 SQL SELECT `reader_usersubscription`.`id`, `reader_usersubscription`.`user_id`, `reader_usersubscription`.`feed_id`, `reader_usersubscription`.`last_read_date`, `reader_usersubscription`.`mark_read_date`, `reader_usersubscription`.`unread_count`, `reader_usersubscription`.`unread_count_updated`, `reader_usersubscription`.`scores` FROM `reader_usersubscription` WHERE (`reader_usersubscription`.`feed_id` = 18  AND `reader_usersubscription`.`user_id` = 1 )
2009-09-10 00:26:21,071 DEBUG Feed: TechCrunch
2009-09-10 00:26:21,084 SQL SELECT `reader_userstory`.`id`, `reader_userstory`.`user_id`, `reader_userstory`.`feed_id`, `reader_userstory`.`story_id`, `reader_userstory`.`read_date`, `reader_userstory`.`opinion` FROM `reader_userstory` WHERE (`reader_userstory`.`feed_id` = 18  AND `reader_userstory`.`user_id` = 1 )
2009-09-10 00:26:21,223 SQL SELECT `feeds`.`id`, `feeds`.`feed_address`, `feeds`.`feed_link`, `feeds`.`feed_title`, `feeds`.`feed_tagline`, `feeds`.`active`, `feeds`.`num_subscribers`, `feeds`.`last_update`, `feeds`.`min_to_decay`, `feeds`.`days_to_trim`, `feeds`.`creation`, `feeds`.`etag`, `feeds`.`last_modified`, `feeds`.`page_data` FROM `feeds` WHERE `feeds`.`id` = 18  ORDER BY `feeds`.`feed_title` ASC
2009-09-10 00:26:21,356 SQL SELECT `feeds`.`id`, `feeds`.`feed_address`, `feeds`.`feed_link`, `feeds`.`feed_title`, `feeds`.`feed_tagline`, `feeds`.`active`, `feeds`.`num_subscribers`, `feeds`.`last_update`, `feeds`.`min_to_decay`, `feeds`.`days_to_trim`, `feeds`.`creation`, `feeds`.`etag`, `feeds`.`last_modified`, `feeds`.`page_data` FROM `feeds` WHERE `feeds`.`id` = 18  ORDER BY `feeds`.`feed_title` ASC
2009-09-10 00:26:38,323 SQL SELECT `feeds`.`id`, `feeds`.`feed_address`, `feeds`.`feed_link`, `feeds`.`feed_title`, `feeds`.`feed_tagline`, `feeds`.`active`, `feeds`.`num_subscribers`, `feeds`.`last_update`, `feeds`.`min_to_decay`, `feeds`.`days_to_trim`, `feeds`.`creation`, `feeds`.`etag`, `feeds`.`last_modified`, `feeds`.`page_data` FROM `feeds` WHERE `feeds`.`id` = 17  ORDER BY `feeds`.`feed_title` ASC
2009-09-10 00:26:38,339 SQL SELECT `stories`.`id`, `stories`.`story_feed_id`, `stories`.`story_date`, `stories`.`story_title`, `stories`.`story_content`, `stories`.`story_original_content`, `stories`.`story_content_type`, `stories`.`story_author`, `stories`.`story_permalink`, `stories`.`story_guid`, `stories`.`story_past_trim_date` FROM `stories` WHERE `stories`.`story_feed_id` = 17  ORDER BY `stories`.`story_date` DESC LIMIT 50
2009-09-10 00:26:38,379 SQL SELECT `reader_usersubscription`.`id`, `reader_usersubscription`.`user_id`, `reader_usersubscription`.`feed_id`, `reader_usersubscription`.`last_read_date`, `reader_usersubscription`.`mark_read_date`, `reader_usersubscription`.`unread_count`, `reader_usersubscription`.`unread_count_updated`, `reader_usersubscription`.`scores` FROM `reader_usersubscription` WHERE (`reader_usersubscription`.`feed_id` = 17  AND `reader_usersubscription`.`user_id` = 1 )
2009-09-10 00:26:38,401 DEBUG Feed: Slashdot
2009-09-10 00:26:38,412 SQL SELECT `reader_userstory`.`id`, `reader_userstory`.`user_id`, `reader_userstory`.`feed_id`, `reader_userstory`.`story_id`, `reader_userstory`.`read_date`, `reader_userstory`.`opinion` FROM `reader_userstory` WHERE (`reader_userstory`.`feed_id` = 17  AND `reader_userstory`.`user_id` = 1 )
2009-09-10 00:26:38,491 SQL SELECT `feeds`.`id`, `feeds`.`feed_address`, `feeds`.`feed_link`, `feeds`.`feed_title`, `feeds`.`feed_tagline`, `feeds`.`active`, `feeds`.`num_subscribers`, `feeds`.`last_update`, `feeds`.`min_to_decay`, `feeds`.`days_to_trim`, `feeds`.`creation`, `feeds`.`etag`, `feeds`.`last_modified`, `feeds`.`page_data` FROM `feeds` WHERE `feeds`.`id` = 17  ORDER BY `feeds`.`feed_title` ASC
2009-09-10 00:26:38,561 SQL SELECT `feeds`.`id`, `feeds`.`feed_address`, `feeds`.`feed_link`, `feeds`.`feed_title`, `feeds`.`feed_tagline`, `feeds`.`active`, `feeds`.`num_subscribers`, `feeds`.`last_update`, `feeds`.`min_to_decay`, `feeds`.`days_to_trim`, `feeds`.`creation`, `feeds`.`etag`, `feeds`.`last_modified`, `feeds`.`page_data` FROM `feeds` WHERE `feeds`.`id` = 17  ORDER BY `feeds`.`feed_title` ASC
O [20] Fetching wonko.com
2009-09-10 00:21:31,049 DEBUG [20] Processing wonko.com
2009-09-10 00:21:31,422 DEBUG [20] Fetching page from wonko.com
2009-09-10 00:21:35,794 DEBUG [20] Processed wonko.com in 0:00:10.948643 [ok] [new=1 updated=0 same=9 error=0]
2009-09-10 00:21:35,794 INFO [21] Fetching Yahoo! User Interface Blog
2009-09-10 00:21:38,139 DEBUG [21] Processing Yahoo! User Interface Blog
2009-09-10 00:21:38,139 DEBUG [21] Fetching page from Yahoo! User Interface Blog
2009-09-10 00:21:43,288 DEBUG [21] Processed Yahoo! User Interface Blog in 0:00:07.493597 [unchanged] [new=0 updated=0 same=0 error=0]
2009-09-10 00:21:43,288 INFO [38] Fetching You Look Nice Today
2009-09-10 00:21:50,816 DEBUG [38] Processing You Look Nice Today
2009-09-10 00:21:50,839 DEBUG - Updated story in feed (You Look Nice Today - East Arcadia State: 2009 MindSetter Sheet): 91 / 91
2009-09-10 00:21:50,854 DEBUG - Updated story in feed (You Look Nice Today - Visit Hernes!): 91 / 91
2009-09-10 00:21:50,860 DEBUG - Updated story in feed (You Look Nice Today - Monsters): 91 / 91
2009-09-10 00:21:50,877 DEBUG - Updated story in feed (You Look Nice Today - The Noises Rest): 91 / 91
2009-09-10 00:21:50,884 DEBUG - Updated story in feed (You Look Nice Today - Our Theme Music): 91 / 91
2009-09-10 00:21:50,896 DEBUG - Updated story in feed (You Look Nice Today - VSOP Roundup): 91 / 91
2009-09-10 00:21:50,907 DEBUG - Updated story in feed (You Look Nice Today - Boothies): 91 / 91
2009-09-10 00:21:50,941 DEBUG - Updated story in feed (You Look Nice Today - Satisfaction Island (YLNT Forum)): 91 / 91
2009-09-10 00:21:51,003 DEBUG - Updated story in feed (You Look Nice Today - Neglected Originals): 91 / 91
2009-09-10 00:21:51,027 DEBUG - Updated story in feed (You Look Nice Today - Some Notable Failures: An August Diary): 91 / 91
2009-09-10 00:21:51,034 DEBUG - Updated story in feed (You Look Nice Today - The Situation): 91 / 91
2009-09-10 00:21:51,058 DEBUG - Updated story in feed (You Look Nice Today - Rumor of a Leak): 91 / 91
2009-09-10 00:21:51,068 DEBUG - Updated story in feed (You Look Nice Today - Estelle Getty, 1923-2008): 91 / 91
2009-09-10 00:21:51,077 DEBUG - Updated story in feed (You Look Nice Today - A Ringtone Tragedy): 91 / 91
2009-09-10 00:21:51,181 DEBUG - Updated story in feed (You Look Nice Today - Challenge: What's Your Latte Name?): 91 / 91
2009-09-10 00:21:51,257 DEBUG - Updated story in feed (You Look Nice Today - Career-Confused? WE CAN HELP): 91 / 91
2009-09-10 00:21:51,308 DEBUG - Updated story in feed (You Look Nice Today - Challenge: Design a Uniform for The YLNT Talent): 91 / 91
2009-09-10 00:21:51,340 DEBUG - Updated story in feed (You Look Nice Today - Snare!® marketing materials arrive): 91 / 91
2009-09-10 00:21:51,370 DEBUG - Updated story in feed (You Look Nice Today - Select nuts unboxing video): 91 / 91
2009-09-10 00:21:51,439 DEBUG [38] Fetching page from You Look Nice Today
2009-09-10 00:21:55,596 DEBUG [38] Processed You Look Nice Today in 0:00:12.307973 [ok] [new=0 updated=19 same=33 error=0] (SLOW FEED!)
2009-09-10 00:21:55,597 INFO * DONE in 0:04:46.657868
* Feeds: ok=16 unchanged=23 cant_parse=0 http_error=0 exception=0
* Entries: new=2 updated=31 same=375 error=0
